[2023-04-16T14:52:33.396423-03:00] mvc-app.INFO: Status Code: 200 {"Path":"/","Method":"GET"} []
[2023-04-16T14:52:35.707859-03:00] mvc-app.INFO: Status Code: 200 {"Path":"/about","Method":"GET"} []
[2023-04-16T14:52:44.648071-03:00] mvc-app.INFO: Status Code: 200 {"Path":"/about","Method":"GET"} []
[2023-04-16T14:52:46.350469-03:00] mvc-app.INFO: Status Code: 200 {"Path":"/contact","Method":"GET"} []
[2023-04-16T14:52:46.863726-03:00] mvc-app.INFO: Status Code: 200 {"Path":"/services","Method":"GET"} []
[2023-04-16T14:52:48.475742-03:00] mvc-app.INFO: Status Code: 200 {"Path":"/","Method":"GET"} []
[2023-04-16T14:53:10.537160-03:00] mvc-app.INFO: Status Code: 200 {"Path":"/","Method":"GET"} []
[2023-04-16T14:53:11.905524-03:00] mvc-app.INFO: Status Code: 200 {"Path":"/","Method":"GET"} []
[2023-04-16T14:53:12.505912-03:00] mvc-app.INFO: Status Code: 200 {"Path":"/about","Method":"GET"} []
[2023-04-16T14:53:15.446908-03:00] mvc-app.INFO: Status Code: 200 {"Path":"/services","Method":"GET"} []
[2023-04-16T14:53:16.018289-03:00] mvc-app.INFO: Status Code: 200 {"Path":"/contact","Method":"GET"} []
[2023-04-16T14:53:18.395337-03:00] mvc-app.INFO: Status Code: 200 {"Path":"/about","Method":"GET"} []
[2023-04-16T14:53:19.198125-03:00] mvc-app.INFO: Status Code: 200 {"Path":"/","Method":"GET"} []
[2023-04-16T14:53:23.663195-03:00] mvc-app.INFO: Status Code: 200 {"Path":"/services","Method":"GET"} []
[2023-04-16T14:53:39.642481-03:00] mvc-app.INFO: Status Code: 200 {"Path":"/","Method":"GET"} []
[2023-04-16T14:53:40.960326-03:00] mvc-app.INFO: Status Code: 200 {"Path":"/services","Method":"GET"} []
[2023-04-16T14:54:06.599737-03:00] mvc-app.INFO: Status Code: 200 {"Path":"/about","Method":"GET"} []
[2023-04-16T14:54:08.854419-03:00] mvc-app.INFO: Status Code: 200 {"Path":"/about","Method":"GET"} []
[2023-04-16T14:54:09.475365-03:00] mvc-app.INFO: Status Code: 200 {"Path":"/","Method":"GET"} []
[2023-04-16T14:54:10.577676-03:00] mvc-app.INFO: Status Code: 200 {"Path":"/about","Method":"GET"} []
[2023-04-16T14:54:12.364683-03:00] mvc-app.INFO: Status Code: 200 {"Path":"/contact","Method":"GET"} []
[2023-04-16T14:54:13.325039-03:00] mvc-app.INFO: Status Code: 200 {"Path":"/about","Method":"GET"} []
[2023-04-16T14:54:14.502200-03:00] mvc-app.INFO: Status Code: 200 {"Path":"/","Method":"GET"} []
[2023-04-16T14:56:33.801972-03:00] mvc-app.INFO: Status Code: 200 {"Path":"/","Method":"GET"} []
[2023-04-16T14:56:34.691575-03:00] mvc-app.INFO: Status Code: 200 {"Path":"/","Method":"GET"} []
[2023-04-16T14:56:35.561120-03:00] mvc-app.INFO: Status Code: 200 {"Path":"/about","Method":"GET"} []
[2023-04-16T14:56:36.122812-03:00] mvc-app.INFO: Status Code: 200 {"Path":"/services","Method":"GET"} []
[2023-04-16T14:56:36.948190-03:00] mvc-app.INFO: Status Code: 200 {"Path":"/contact","Method":"GET"} []
[2023-04-16T14:56:38.263998-03:00] mvc-app.INFO: Status Code: 200 {"Path":"/contact","Method":"POST"} []
[2023-04-16T14:56:41.725499-03:00] mvc-app.DEBUG: Status Code: 404 - Route Not Found {"ERROR":"[object] (PAW\\Core\\Exceptions\\RouteNotFoundException(code: 0): There is no route for that path at /home/mgimenez/repos/paw/php-example/from-static-to-dinamic/src/Core/Router.php:42)"} []
[2023-04-16T14:56:42.806217-03:00] mvc-app.INFO: Status Code: 200 {"Path":"/","Method":"GET"} []
